Performing C SOURCE FILE Test CMAKE_HAVE_LIBC_PTHREAD failed with the following output:
Change Dir: /home/leeweihan/Desktop/Sharp-PQ/cmake-build-debug/CMakeFiles/CMakeTmp

Run Build Command(s):/usr/bin/make -f Makefile cmTC_557ec/fast && /usr/bin/make  -f CMakeFiles/cmTC_557ec.dir/build.make CMakeFiles/cmTC_557ec.dir/build
make[1]: Entering directory '/home/leeweihan/Desktop/Sharp-PQ/cmake-build-debug/CMakeFiles/CMakeTmp'
Building C object CMakeFiles/cmTC_557ec.dir/src.c.o
/usr/bin/cc -DCMAKE_HAVE_LIBC_PTHREAD  -fdiagnostics-color=always -o CMakeFiles/cmTC_557ec.dir/src.c.o -c /home/leeweihan/Desktop/Sharp-PQ/cmake-build-debug/CMakeFiles/CMakeTmp/src.c
Linking C executable cmTC_557ec
/home/leeweihan/Downloads/clion-2022.3.1/bin/cmake/linux/bin/cmake -E cmake_link_script CMakeFiles/cmTC_557ec.dir/link.txt --verbose=1
/usr/bin/cc -rdynamic CMakeFiles/cmTC_557ec.dir/src.c.o -o cmTC_557ec 
CMakeFiles/cmTC_557ec.dir/src.c.o: In function `main':
src.c:(.text+0x3c): undefined reference to `pthread_create'
src.c:(.text+0x48): undefined reference to `pthread_detach'
src.c:(.text+0x54): undefined reference to `pthread_cancel'
src.c:(.text+0x65): undefined reference to `pthread_join'
src.c:(.text+0x79): undefined reference to `pthread_atfork'
collect2: error: ld returned 1 exit status
CMakeFiles/cmTC_557ec.dir/build.make:98: recipe for target 'cmTC_557ec' failed
make[1]: *** [cmTC_557ec] Error 1
make[1]: Leaving directory '/home/leeweihan/Desktop/Sharp-PQ/cmake-build-debug/CMakeFiles/CMakeTmp'
Makefile:127: recipe for target 'cmTC_557ec/fast' failed
make: *** [cmTC_557ec/fast] Error 2


Source file was:
#include <pthread.h>

static void* test_func(void* data)
{
  return data;
}

int main(void)
{
  pthread_t thread;
  pthread_create(&thread, NULL, test_func, NULL);
  pthread_detach(thread);
  pthread_cancel(thread);
  pthread_join(thread, NULL);
  pthread_atfork(NULL, NULL, NULL);
  pthread_exit(NULL);

  return 0;
}

Performing C++ SOURCE FILE Test HAVE_CXX_FLAG_WSHORTEN_64_TO_32 failed with the following output:
Change Dir: /home/leeweihan/Desktop/Sharp-PQ/cmake-build-debug/CMakeFiles/CMakeTmp

Run Build Command(s):/usr/bin/make -f Makefile cmTC_ca3ff/fast && /usr/bin/make  -f CMakeFiles/cmTC_ca3ff.dir/build.make CMakeFiles/cmTC_ca3ff.dir/build
make[1]: Entering directory '/home/leeweihan/Desktop/Sharp-PQ/cmake-build-debug/CMakeFiles/CMakeTmp'
Building CXX object CMakeFiles/cmTC_ca3ff.dir/src.cxx.o
/usr/bin/c++ -DHAVE_CXX_FLAG_WSHORTEN_64_TO_32  -std=c++14 -Wall -Wextra -Wfatal-errors -Wno-sign-compare -Wno-shadow -Wno-unused-variable -Wno-unused-parameter -L/usr/local/lib -ggdb3 -O3 -march=native -mtune=native -Wno-unused-but-set-variable -mpclmul -msse4.1  -std=c++11  -Wall  -Wextra  -Wshadow  -pedantic  -pedantic-errors  -Wshorten-64-to-32 -fdiagnostics-color=always   -Wshorten-64-to-32 -o CMakeFiles/cmTC_ca3ff.dir/src.cxx.o -c /home/leeweihan/Desktop/Sharp-PQ/cmake-build-debug/CMakeFiles/CMakeTmp/src.cxx
[01m[Kc++:[m[K [01;31m[Kerror: [m[Kunrecognized command line option '[01m[K-Wshorten-64-to-32[m[K'
[01m[Kc++:[m[K [01;31m[Kerror: [m[Kunrecognized command line option '[01m[K-Wshorten-64-to-32[m[K'
CMakeFiles/cmTC_ca3ff.dir/build.make:77: recipe for target 'CMakeFiles/cmTC_ca3ff.dir/src.cxx.o' failed
make[1]: *** [CMakeFiles/cmTC_ca3ff.dir/src.cxx.o] Error 1
make[1]: Leaving directory '/home/leeweihan/Desktop/Sharp-PQ/cmake-build-debug/CMakeFiles/CMakeTmp'
Makefile:127: recipe for target 'cmTC_ca3ff/fast' failed
make: *** [cmTC_ca3ff/fast] Error 2


Source file was:
int main() { return 0; }
Performing C++ SOURCE FILE Test HAVE_CXX_FLAG_WD654 failed with the following output:
Change Dir: /home/leeweihan/Desktop/Sharp-PQ/cmake-build-debug/CMakeFiles/CMakeTmp

Run Build Command(s):/usr/bin/make -f Makefile cmTC_b5b07/fast && /usr/bin/make  -f CMakeFiles/cmTC_b5b07.dir/build.make CMakeFiles/cmTC_b5b07.dir/build
make[1]: Entering directory '/home/leeweihan/Desktop/Sharp-PQ/cmake-build-debug/CMakeFiles/CMakeTmp'
Building CXX object CMakeFiles/cmTC_b5b07.dir/src.cxx.o
/usr/bin/c++ -DHAVE_CXX_FLAG_WD654  -std=c++14 -Wall -Wextra -Wfatal-errors -Wno-sign-compare -Wno-shadow -Wno-unused-variable -Wno-unused-parameter -L/usr/local/lib -ggdb3 -O3 -march=native -mtune=native -Wno-unused-but-set-variable -mpclmul -msse4.1  -std=c++11  -Wall  -Wextra  -Wshadow  -pedantic  -pedantic-errors  -Wfloat-equal  -fstrict-aliasing  -Wstrict-aliasing  -wd654 -fdiagnostics-color=always   -wd654 -o CMakeFiles/cmTC_b5b07.dir/src.cxx.o -c /home/leeweihan/Desktop/Sharp-PQ/cmake-build-debug/CMakeFiles/CMakeTmp/src.cxx
[01m[Kc++:[m[K [01;31m[Kerror: [m[Kunrecognized command line option '[01m[K-wd654[m[K'
[01m[Kc++:[m[K [01;31m[Kerror: [m[Kunrecognized command line option '[01m[K-wd654[m[K'
CMakeFiles/cmTC_b5b07.dir/build.make:77: recipe for target 'CMakeFiles/cmTC_b5b07.dir/src.cxx.o' failed
make[1]: *** [CMakeFiles/cmTC_b5b07.dir/src.cxx.o] Error 1
make[1]: Leaving directory '/home/leeweihan/Desktop/Sharp-PQ/cmake-build-debug/CMakeFiles/CMakeTmp'
Makefile:127: recipe for target 'cmTC_b5b07/fast' failed
make: *** [cmTC_b5b07/fast] Error 2


Source file was:
int main() { return 0; }
Performing C++ SOURCE FILE Test HAVE_CXX_FLAG_WTHREAD_SAFETY failed with the following output:
Change Dir: /home/leeweihan/Desktop/Sharp-PQ/cmake-build-debug/CMakeFiles/CMakeTmp

Run Build Command(s):/usr/bin/make -f Makefile cmTC_1c0e2/fast && /usr/bin/make  -f CMakeFiles/cmTC_1c0e2.dir/build.make CMakeFiles/cmTC_1c0e2.dir/build
make[1]: Entering directory '/home/leeweihan/Desktop/Sharp-PQ/cmake-build-debug/CMakeFiles/CMakeTmp'
Building CXX object CMakeFiles/cmTC_1c0e2.dir/src.cxx.o
/usr/bin/c++ -DHAVE_CXX_FLAG_WTHREAD_SAFETY  -std=c++14 -Wall -Wextra -Wfatal-errors -Wno-sign-compare -Wno-shadow -Wno-unused-variable -Wno-unused-parameter -L/usr/local/lib -ggdb3 -O3 -march=native -mtune=native -Wno-unused-but-set-variable -mpclmul -msse4.1  -std=c++11  -Wall  -Wextra  -Wshadow  -pedantic  -pedantic-errors  -Wfloat-equal  -fstrict-aliasing  -Wstrict-aliasing  -Wthread-safety -fdiagnostics-color=always   -Wthread-safety -o CMakeFiles/cmTC_1c0e2.dir/src.cxx.o -c /home/leeweihan/Desktop/Sharp-PQ/cmake-build-debug/CMakeFiles/CMakeTmp/src.cxx
[01m[Kc++:[m[K [01;31m[Kerror: [m[Kunrecognized command line option '[01m[K-Wthread-safety[m[K'
[01m[Kc++:[m[K [01;31m[Kerror: [m[Kunrecognized command line option '[01m[K-Wthread-safety[m[K'
CMakeFiles/cmTC_1c0e2.dir/build.make:77: recipe for target 'CMakeFiles/cmTC_1c0e2.dir/src.cxx.o' failed
make[1]: *** [CMakeFiles/cmTC_1c0e2.dir/src.cxx.o] Error 1
make[1]: Leaving directory '/home/leeweihan/Desktop/Sharp-PQ/cmake-build-debug/CMakeFiles/CMakeTmp'
Makefile:127: recipe for target 'cmTC_1c0e2/fast' failed
make: *** [cmTC_1c0e2/fast] Error 2


Source file was:
int main() { return 0; }
Determining if the function pthread_create exists in the pthreads failed with the following output:
Change Dir: /home/leeweihan/Desktop/Sharp-PQ/cmake-build-debug/CMakeFiles/CMakeTmp

Run Build Command(s):/usr/bin/make -f Makefile cmTC_5f4ff/fast && /usr/bin/make  -f CMakeFiles/cmTC_5f4ff.dir/build.make CMakeFiles/cmTC_5f4ff.dir/build
make[1]: Entering directory '/home/leeweihan/Desktop/Sharp-PQ/cmake-build-debug/CMakeFiles/CMakeTmp'
Building C object CMakeFiles/cmTC_5f4ff.dir/CheckFunctionExists.c.o
/usr/bin/cc   -DCHECK_FUNCTION_EXISTS=pthread_create -fdiagnostics-color=always -o CMakeFiles/cmTC_5f4ff.dir/CheckFunctionExists.c.o -c /home/leeweihan/Downloads/clion-2022.3.1/bin/cmake/linux/share/cmake-3.24/Modules/CheckFunctionExists.c
Linking C executable cmTC_5f4ff
/home/leeweihan/Downloads/clion-2022.3.1/bin/cmake/linux/bin/cmake -E cmake_link_script CMakeFiles/cmTC_5f4ff.dir/link.txt --verbose=1
/usr/bin/cc  -DCHECK_FUNCTION_EXISTS=pthread_create -rdynamic CMakeFiles/cmTC_5f4ff.dir/CheckFunctionExists.c.o -o cmTC_5f4ff  -lpthreads 
/usr/bin/ld: cannot find -lpthreads
collect2: error: ld returned 1 exit status
CMakeFiles/cmTC_5f4ff.dir/build.make:98: recipe for target 'cmTC_5f4ff' failed
make[1]: *** [cmTC_5f4ff] Error 1
make[1]: Leaving directory '/home/leeweihan/Desktop/Sharp-PQ/cmake-build-debug/CMakeFiles/CMakeTmp'
Makefile:127: recipe for target 'cmTC_5f4ff/fast' failed
make: *** [cmTC_5f4ff/fast] Error 2



